*** Starting uWSGI 2.0.19 (64bit) on [Tue Jun 16 21:01:35 2020] ***
compiled with version: 4.2.1 Compatible Apple LLVM 11.0.3 (clang-1103.0.32.62) on 16 June 2020 12:31:26
os: Darwin-19.5.0 Darwin Kernel Version 19.5.0: Tue May 26 20:41:44 PDT 2020; root:xnu-6153.121.2~2/RELEASE_X86_64
nodename: MacBook-Pro.lan
machine: x86_64
clock source: unix
detected number of CPU cores: 4
current working directory: /Users/mika/code/hynuxykbackstage/flasks
detected binary path: /Users/mika/code/hynuxykbackstage/flasks/venv/bin/uwsgi
!!! no internal routing support, rebuild with pcre support !!!
chdir() to /Users/mika/code/hynuxykbackstage/flasks
your processes number limit is 2784
your memory page size is 4096 bytes
detected max file descriptor number: 10240
lock engine: OSX spinlocks
thunder lock: disabled (you can enable it with --thunder-lock)
uwsgi socket 0 bound to TCP address :5000 fd 3
Python version: 3.7.7 (default, Mar 10 2020, 15:43:33)  [Clang 11.0.0 (clang-1100.0.33.17)]
*** Python threads support is disabled. You can enable it with --enable-threads ***
Python main interpreter initialized at 0x7fb6f0c080d0
your server socket listen backlog is limited to 100 connections
your mercy for graceful operations on workers is 60 seconds
mapped 437376 bytes (427 KB) for 5 cores
*** Operational MODE: preforking ***
WSGI app 0 (mountpoint='') ready in 0 seconds on interpreter 0x7fb6f0c080d0 pid: 1292 (default app)
*** uWSGI is running in multiple interpreter mode ***
spawned uWSGI master process (pid: 1292)
spawned uWSGI worker 1 (pid: 1293, cores: 1)
spawned uWSGI worker 2 (pid: 1294, cores: 1)
spawned uWSGI worker 3 (pid: 1295, cores: 1)
spawned uWSGI worker 4 (pid: 1296, cores: 1)
spawned uWSGI worker 5 (pid: 1297, cores: 1)
invalid request block size: 21573 (max 4096)...skip
invalid request block size: 21573 (max 4096)...skip
invalid request block size: 21573 (max 4096)...skip
invalid request block size: 21573 (max 4096)...skip
invalid request block size: 21573 (max 4096)...skip
invalid request block size: 21573 (max 4096)...skip
invalid request block size: 21573 (max 4096)...skip
invalid request block size: 21573 (max 4096)...skip
invalid request block size: 21573 (max 4096)...skip
invalid request block size: 21573 (max 4096)...skip
invalid request block size: 21573 (max 4096)...skip
invalid request block size: 21573 (max 4096)...skip
SIGINT/SIGQUIT received...killing workers...
worker 5 buried after 1 seconds
worker 4 buried after 1 seconds
worker 3 buried after 1 seconds
worker 2 buried after 1 seconds
worker 1 buried after 1 seconds
goodbye to uWSGI.
*** Starting uWSGI 2.0.19 (64bit) on [Tue Jun 16 21:03:51 2020] ***
compiled with version: 4.2.1 Compatible Apple LLVM 11.0.3 (clang-1103.0.32.62) on 16 June 2020 12:31:26
os: Darwin-19.5.0 Darwin Kernel Version 19.5.0: Tue May 26 20:41:44 PDT 2020; root:xnu-6153.121.2~2/RELEASE_X86_64
nodename: MacBook-Pro.lan
machine: x86_64
clock source: unix
detected number of CPU cores: 4
current working directory: /Users/mika/code/hynuxykbackstage/flasks
detected binary path: /Users/mika/code/hynuxykbackstage/flasks/venv/bin/uwsgi
!!! no internal routing support, rebuild with pcre support !!!
chdir() to /Users/mika/code/hynuxykbackstage/flasks
your processes number limit is 2784
your memory page size is 4096 bytes
detected max file descriptor number: 10240
lock engine: OSX spinlocks
thunder lock: disabled (you can enable it with --thunder-lock)
uWSGI http bound on :5000 fd 3
uwsgi socket 0 bound to UNIX address /Users/mika/code/hynuxykbackstage/flasks/flasks.sock fd 6
Python version: 3.7.7 (default, Mar 10 2020, 15:43:33)  [Clang 11.0.0 (clang-1100.0.33.17)]
*** Python threads support is disabled. You can enable it with --enable-threads ***
Python main interpreter initialized at 0x7ff308e06510
your server socket listen backlog is limited to 100 connections
your mercy for graceful operations on workers is 60 seconds
mapped 437376 bytes (427 KB) for 5 cores
*** Operational MODE: preforking ***
WSGI app 0 (mountpoint='') ready in 0 seconds on interpreter 0x7ff308e06510 pid: 1352 (default app)
*** uWSGI is running in multiple interpreter mode ***
spawned uWSGI master process (pid: 1352)
spawned uWSGI worker 1 (pid: 1353, cores: 1)
spawned uWSGI worker 2 (pid: 1354, cores: 1)
spawned uWSGI worker 3 (pid: 1355, cores: 1)
spawned uWSGI worker 4 (pid: 1356, cores: 1)
spawned uWSGI worker 5 (pid: 1357, cores: 1)
spawned uWSGI http 1 (pid: 1358)
[pid: 1357|app: 0|req: 1/1] 127.0.0.1 () {46 vars in 836 bytes} [Tue Jun 16 21:03:54 2020] GET / => generated 232 bytes in 4 msecs (HTTP/1.1 404) 2 headers in 87 bytes (1 switches on core 0)
SIGINT/SIGQUIT received...killing workers...
gateway "uWSGI http 1" has been buried (pid: 1358)
worker 5 buried after 1 seconds
worker 4 buried after 1 seconds
worker 3 buried after 1 seconds
worker 2 buried after 1 seconds
worker 1 buried after 1 seconds
goodbye to uWSGI.
VACUUM: unix socket /Users/mika/code/hynuxykbackstage/flasks/flasks.sock removed.
*** Starting uWSGI 2.0.19 (64bit) on [Tue Jun 16 21:29:56 2020] ***
compiled with version: 4.2.1 Compatible Apple LLVM 11.0.3 (clang-1103.0.32.62) on 16 June 2020 12:31:26
os: Darwin-19.5.0 Darwin Kernel Version 19.5.0: Tue May 26 20:41:44 PDT 2020; root:xnu-6153.121.2~2/RELEASE_X86_64
nodename: MacBook-Pro.lan
machine: x86_64
clock source: unix
detected number of CPU cores: 4
current working directory: /Users/mika/code/hynuxykbackstage/flasks
detected binary path: /Users/mika/code/hynuxykbackstage/flasks/venv/bin/uwsgi
!!! no internal routing support, rebuild with pcre support !!!
chdir() to /Users/mika/code/hynuxykbackstage/flasks
your processes number limit is 2784
your memory page size is 4096 bytes
detected max file descriptor number: 10240
lock engine: OSX spinlocks
thunder lock: disabled (you can enable it with --thunder-lock)
uWSGI http bound on :5000 fd 3
uwsgi socket 0 bound to UNIX address /Users/mika/code/hynuxykbackstage/flasks/flasks.sock fd 6
Python version: 3.7.7 (default, Mar 10 2020, 15:43:33)  [Clang 11.0.0 (clang-1100.0.33.17)]
*** Python threads support is disabled. You can enable it with --enable-threads ***
Python main interpreter initialized at 0x7fde1740c3b0
your server socket listen backlog is limited to 100 connections
your mercy for graceful operations on workers is 60 seconds
mapped 437376 bytes (427 KB) for 5 cores
*** Operational MODE: preforking ***
WSGI app 0 (mountpoint='') ready in 0 seconds on interpreter 0x7fde1740c3b0 pid: 2003 (default app)
*** uWSGI is running in multiple interpreter mode ***
spawned uWSGI master process (pid: 2003)
spawned uWSGI worker 1 (pid: 2004, cores: 1)
spawned uWSGI worker 2 (pid: 2005, cores: 1)
spawned uWSGI worker 3 (pid: 2006, cores: 1)
spawned uWSGI worker 4 (pid: 2007, cores: 1)
spawned uWSGI worker 5 (pid: 2008, cores: 1)
spawned uWSGI http 1 (pid: 2009)
[pid: 2008|app: 0|req: 1/1] 127.0.0.1 () {46 vars in 836 bytes} [Tue Jun 16 21:29:59 2020] GET / => generated 232 bytes in 4 msecs (HTTP/1.1 404) 2 headers in 87 bytes (1 switches on core 0)
[pid: 2008|app: 0|req: 2/2] 127.0.0.1 () {46 vars in 836 bytes} [Tue Jun 16 21:30:00 2020] GET / => generated 232 bytes in 1 msecs (HTTP/1.1 404) 2 headers in 87 bytes (2 switches on core 0)
SIGINT/SIGQUIT received...killing workers...
gateway "uWSGI http 1" has been buried (pid: 2009)
worker 5 buried after 1 seconds
worker 4 buried after 1 seconds
worker 3 buried after 1 seconds
worker 2 buried after 1 seconds
worker 1 buried after 1 seconds
goodbye to uWSGI.
VACUUM: unix socket /Users/mika/code/hynuxykbackstage/flasks/flasks.sock removed.
*** Starting uWSGI 2.0.19 (64bit) on [Tue Jun 16 21:30:14 2020] ***
compiled with version: 4.2.1 Compatible Apple LLVM 11.0.3 (clang-1103.0.32.62) on 16 June 2020 12:31:26
os: Darwin-19.5.0 Darwin Kernel Version 19.5.0: Tue May 26 20:41:44 PDT 2020; root:xnu-6153.121.2~2/RELEASE_X86_64
nodename: MacBook-Pro.lan
machine: x86_64
clock source: unix
detected number of CPU cores: 4
current working directory: /Users/mika/code/hynuxykbackstage/flasks
detected binary path: /Users/mika/code/hynuxykbackstage/flasks/venv/bin/uwsgi
!!! no internal routing support, rebuild with pcre support !!!
chdir() to /Users/mika/code/hynuxykbackstage/flasks
your processes number limit is 2784
your memory page size is 4096 bytes
detected max file descriptor number: 10240
lock engine: OSX spinlocks
thunder lock: disabled (you can enable it with --thunder-lock)
uWSGI http bound on :5000 fd 3
uwsgi socket 0 bound to UNIX address /Users/mika/code/hynuxykbackstage/flasks/flasks.sock fd 6
Python version: 3.7.7 (default, Mar 10 2020, 15:43:33)  [Clang 11.0.0 (clang-1100.0.33.17)]
*** Python threads support is disabled. You can enable it with --enable-threads ***
Python main interpreter initialized at 0x7f9e9f40bd10
your server socket listen backlog is limited to 100 connections
your mercy for graceful operations on workers is 60 seconds
mapped 437376 bytes (427 KB) for 5 cores
*** Operational MODE: preforking ***
WSGI app 0 (mountpoint='') ready in 0 seconds on interpreter 0x7f9e9f40bd10 pid: 2034 (default app)
*** uWSGI is running in multiple interpreter mode ***
spawned uWSGI master process (pid: 2034)
spawned uWSGI worker 1 (pid: 2035, cores: 1)
spawned uWSGI worker 2 (pid: 2036, cores: 1)
spawned uWSGI worker 3 (pid: 2037, cores: 1)
spawned uWSGI worker 4 (pid: 2038, cores: 1)
spawned uWSGI worker 5 (pid: 2039, cores: 1)
spawned uWSGI http 1 (pid: 2040)
SIGINT/SIGQUIT received...killing workers...
gateway "uWSGI http 1" has been buried (pid: 2040)
worker 5 buried after 1 seconds
worker 4 buried after 1 seconds
worker 3 buried after 1 seconds
worker 2 buried after 1 seconds
worker 1 buried after 1 seconds
goodbye to uWSGI.
VACUUM: unix socket /Users/mika/code/hynuxykbackstage/flasks/flasks.sock removed.
